<?xml version="1.0" encoding="UTF-8"?>
<!-- Generated by org.testng.reporters.JUnitXMLReporter -->
<testsuite ignored="0" hostname="ramkrishnas-mbp.lan" failures="0" tests="2" name="RegressionTestFirefox" time="2.309" errors="0" timestamp="2024-02-14T23:27:27 CST">
  <testcase classname="com.salesforce.automation.SalesforceLogin" name="errorMessageLoginTC1" time="0.0">
    <skipped/>
  </testcase> <!-- errorMessageLoginTC1 -->
  <testcase classname="com.salesforce.automation.SalesforceLogin" name="validLoginTC2" time="0.0">
    <skipped/>
  </testcase> <!-- validLoginTC2 -->
</testsuite> <!-- RegressionTestFirefox -->
