<?xml version="1.0" encoding="UTF-8"?>
<testng-results ignored="0" total="1" passed="1" failed="0" skipped="0">
  <reporter-output>
  </reporter-output>
  <suite started-at="2024-02-18T14:40:20 CST" name="RegressionSuite" finished-at="2024-02-18T14:40:29 CST" duration-ms="8576">
    <groups>
    </groups>
    <test started-at="2024-02-18T14:40:20 CST" name="RegressionTest" finished-at="2024-02-18T14:40:29 CST" duration-ms="8576">
      <class name="com.salesforce.automation.SalesforceLogin">
        <test-method is-config="true" signature="setUpBeforeMethod(java.lang.String)[pri:0, instance:com.salesforce.automation.SalesforceLogin@71104a4]" started-at="2024-02-18T14:40:21 CST" name="setUpBeforeMethod" finished-at="2024-02-18T14:40:26 CST" duration-ms="5134" status="PASS">
          <params>
            <param index="0">
              <value>
                <![CDATA[chrome]]>
              </value>
            </param>
          </params>
          <reporter-output>
          </reporter-output>
        </test-method> <!-- setUpBeforeMethod -->
        <test-method signature="errorMessageLoginTC1()[pri:0, instance:com.salesforce.automation.SalesforceLogin@71104a4]" started-at="2024-02-18T14:40:26 CST" name="errorMessageLoginTC1" finished-at="2024-02-18T14:40:29 CST" duration-ms="2782" status="PASS">
          <reporter-output>
          </reporter-output>
        </test-method> <!-- errorMessageLoginTC1 -->
        <test-method is-config="true" signature="tearDownAfterTestMethod()[pri:0, instance:com.salesforce.automation.SalesforceLogin@71104a4]" started-at="2024-02-18T14:40:29 CST" name="tearDownAfterTestMethod" finished-at="2024-02-18T14:40:29 CST" duration-ms="263" status="PASS">
          <reporter-output>
          </reporter-output>
        </test-method> <!-- tearDownAfterTestMethod -->
      </class> <!-- com.salesforce.automation.SalesforceLogin -->
    </test> <!-- RegressionTest -->
  </suite> <!-- RegressionSuite -->
</testng-results>
